CRITICAL - 2023-10-10 16:11:33 --> Class 'APP\Models\ServiciosModel' not found
in APPPATH\Controllers\Servicios.php on line 15.
 1 SYSTEMPATH\CodeIgniter.php(891): App\Controllers\Servicios->__construct()
 2 SYSTEMPATH\CodeIgniter.php(485): CodeIgniter\CodeIgniter->createController()
 3 SYSTEMPATH\CodeIgniter.php(353): CodeIgniter\CodeIgniter->handleRequest(null, Object(Config\Cache), false)
 4 FCPATH\index.php(79): CodeIgniter\CodeIgniter->run()
CRITICAL - 2023-10-10 16:12:50 --> Undefined variable: ServiciosVista
in APPPATH\Views\servicios\servicios.php on line 8.
 1 APPPATH\Views\servicios\servicios.php(8): CodeIgniter\Debug\Exceptions->errorHandler(8, 'Undefined variable: ServiciosVista', 'C:\\xampp\\htdocs\\codel-nighter-Citas\\app\\Views\\servicios\\servicios.php', 8, [...])
 2 SYSTEMPATH\View\View.php(226): include('C:\\xampp\\htdocs\\codel-nighter-Citas\\app\\Views\\servicios\\servicios.php')
 3 SYSTEMPATH\View\View.php(229): CodeIgniter\View\View->CodeIgniter\View\{closure}()
 4 SYSTEMPATH\Common.php(1188): CodeIgniter\View\View->render('/servicios/servicios', [], true)
 5 APPPATH\Controllers\Servicios.php(22): view('/servicios/servicios', [...])
 6 SYSTEMPATH\CodeIgniter.php(919): App\Controllers\Servicios->index()
 7 SYSTEMPATH\CodeIgniter.php(494): CodeIgniter\CodeIgniter->runController(Object(App\Controllers\Servicios))
 8 SYSTEMPATH\CodeIgniter.php(353): CodeIgniter\CodeIgniter->handleRequest(null, Object(Config\Cache), false)
 9 FCPATH\index.php(79): CodeIgniter\CodeIgniter->run()
CRITICAL - 2023-10-10 16:13:39 --> Undefined variable: datos
in APPPATH\Views\servicios\servicios.php on line 8.
 1 APPPATH\Views\servicios\servicios.php(8): CodeIgniter\Debug\Exceptions->errorHandler(8, 'Undefined variable: datos', 'C:\\xampp\\htdocs\\codel-nighter-Citas\\app\\Views\\servicios\\servicios.php', 8, [...])
 2 SYSTEMPATH\View\View.php(226): include('C:\\xampp\\htdocs\\codel-nighter-Citas\\app\\Views\\servicios\\servicios.php')
 3 SYSTEMPATH\View\View.php(229): CodeIgniter\View\View->CodeIgniter\View\{closure}()
 4 SYSTEMPATH\Common.php(1188): CodeIgniter\View\View->render('/servicios/servicios', [], true)
 5 APPPATH\Controllers\Servicios.php(22): view('/servicios/servicios', [...])
 6 SYSTEMPATH\CodeIgniter.php(919): App\Controllers\Servicios->index()
 7 SYSTEMPATH\CodeIgniter.php(494): CodeIgniter\CodeIgniter->runController(Object(App\Controllers\Servicios))
 8 SYSTEMPATH\CodeIgniter.php(353): CodeIgniter\CodeIgniter->handleRequest(null, Object(Config\Cache), false)
 9 FCPATH\index.php(79): CodeIgniter\CodeIgniter->run()
CRITICAL - 2023-10-10 16:14:51 --> Undefined variable: data
in APPPATH\Views\servicios\servicios.php on line 8.
 1 APPPATH\Views\servicios\servicios.php(8): CodeIgniter\Debug\Exceptions->errorHandler(8, 'Undefined variable: data', 'C:\\xampp\\htdocs\\codel-nighter-Citas\\app\\Views\\servicios\\servicios.php', 8, [...])
 2 SYSTEMPATH\View\View.php(226): include('C:\\xampp\\htdocs\\codel-nighter-Citas\\app\\Views\\servicios\\servicios.php')
 3 SYSTEMPATH\View\View.php(229): CodeIgniter\View\View->CodeIgniter\View\{closure}()
 4 SYSTEMPATH\Common.php(1188): CodeIgniter\View\View->render('/servicios/servicios', [], true)
 5 APPPATH\Controllers\Servicios.php(22): view('/servicios/servicios', [...])
 6 SYSTEMPATH\CodeIgniter.php(919): App\Controllers\Servicios->index()
 7 SYSTEMPATH\CodeIgniter.php(494): CodeIgniter\CodeIgniter->runController(Object(App\Controllers\Servicios))
 8 SYSTEMPATH\CodeIgniter.php(353): CodeIgniter\CodeIgniter->handleRequest(null, Object(Config\Cache), false)
 9 FCPATH\index.php(79): CodeIgniter\CodeIgniter->run()
CRITICAL - 2023-10-10 16:14:54 --> Undefined variable: data
in APPPATH\Views\servicios\servicios.php on line 8.
 1 APPPATH\Views\servicios\servicios.php(8): CodeIgniter\Debug\Exceptions->errorHandler(8, 'Undefined variable: data', 'C:\\xampp\\htdocs\\codel-nighter-Citas\\app\\Views\\servicios\\servicios.php', 8, [...])
 2 SYSTEMPATH\View\View.php(226): include('C:\\xampp\\htdocs\\codel-nighter-Citas\\app\\Views\\servicios\\servicios.php')
 3 SYSTEMPATH\View\View.php(229): CodeIgniter\View\View->CodeIgniter\View\{closure}()
 4 SYSTEMPATH\Common.php(1188): CodeIgniter\View\View->render('/servicios/servicios', [], true)
 5 APPPATH\Controllers\Servicios.php(22): view('/servicios/servicios', [...])
 6 SYSTEMPATH\CodeIgniter.php(919): App\Controllers\Servicios->index()
 7 SYSTEMPATH\CodeIgniter.php(494): CodeIgniter\CodeIgniter->runController(Object(App\Controllers\Servicios))
 8 SYSTEMPATH\CodeIgniter.php(353): CodeIgniter\CodeIgniter->handleRequest(null, Object(Config\Cache), false)
 9 FCPATH\index.php(79): CodeIgniter\CodeIgniter->run()
CRITICAL - 2023-10-10 16:19:08 --> Undefined variable: data
in APPPATH\Views\servicios\servicios.php on line 3.
 1 APPPATH\Views\servicios\servicios.php(3): CodeIgniter\Debug\Exceptions->errorHandler(8, 'Undefined variable: data', 'C:\\xampp\\htdocs\\codel-nighter-Citas\\app\\Views\\servicios\\servicios.php', 3, [...])
 2 SYSTEMPATH\View\View.php(226): include('C:\\xampp\\htdocs\\codel-nighter-Citas\\app\\Views\\servicios\\servicios.php')
 3 SYSTEMPATH\View\View.php(229): CodeIgniter\View\View->CodeIgniter\View\{closure}()
 4 SYSTEMPATH\Common.php(1188): CodeIgniter\View\View->render('/servicios/servicios', [], true)
 5 APPPATH\Controllers\Servicios.php(22): view('/servicios/servicios', [...])
 6 SYSTEMPATH\CodeIgniter.php(919): App\Controllers\Servicios->index()
 7 SYSTEMPATH\CodeIgniter.php(494): CodeIgniter\CodeIgniter->runController(Object(App\Controllers\Servicios))
 8 SYSTEMPATH\CodeIgniter.php(353): CodeIgniter\CodeIgniter->handleRequest(null, Object(Config\Cache), false)
 9 FCPATH\index.php(79): CodeIgniter\CodeIgniter->run()
CRITICAL - 2023-10-10 16:20:07 --> Undefined variable: data
in APPPATH\Views\servicios\servicios.php on line 3.
 1 APPPATH\Views\servicios\servicios.php(3): CodeIgniter\Debug\Exceptions->errorHandler(8, 'Undefined variable: data', 'C:\\xampp\\htdocs\\codel-nighter-Citas\\app\\Views\\servicios\\servicios.php', 3, [...])
 2 SYSTEMPATH\View\View.php(226): include('C:\\xampp\\htdocs\\codel-nighter-Citas\\app\\Views\\servicios\\servicios.php')
 3 SYSTEMPATH\View\View.php(229): CodeIgniter\View\View->CodeIgniter\View\{closure}()
 4 SYSTEMPATH\Common.php(1188): CodeIgniter\View\View->render('/servicios/servicios', [], true)
 5 APPPATH\Controllers\Servicios.php(22): view('/servicios/servicios', [...])
 6 SYSTEMPATH\CodeIgniter.php(919): App\Controllers\Servicios->index()
 7 SYSTEMPATH\CodeIgniter.php(494): CodeIgniter\CodeIgniter->runController(Object(App\Controllers\Servicios))
 8 SYSTEMPATH\CodeIgniter.php(353): CodeIgniter\CodeIgniter->handleRequest(null, Object(Config\Cache), false)
 9 FCPATH\index.php(79): CodeIgniter\CodeIgniter->run()
CRITICAL - 2023-10-10 16:21:21 --> Undefined variable: data
in APPPATH\Views\servicios\servicios.php on line 3.
 1 APPPATH\Views\servicios\servicios.php(3): CodeIgniter\Debug\Exceptions->errorHandler(8, 'Undefined variable: data', 'C:\\xampp\\htdocs\\codel-nighter-Citas\\app\\Views\\servicios\\servicios.php', 3, [...])
 2 SYSTEMPATH\View\View.php(226): include('C:\\xampp\\htdocs\\codel-nighter-Citas\\app\\Views\\servicios\\servicios.php')
 3 SYSTEMPATH\View\View.php(229): CodeIgniter\View\View->CodeIgniter\View\{closure}()
 4 SYSTEMPATH\Common.php(1188): CodeIgniter\View\View->render('/servicios/servicios', [], true)
 5 APPPATH\Controllers\Servicios.php(22): view('/servicios/servicios', [...])
 6 SYSTEMPATH\CodeIgniter.php(919): App\Controllers\Servicios->index()
 7 SYSTEMPATH\CodeIgniter.php(494): CodeIgniter\CodeIgniter->runController(Object(App\Controllers\Servicios))
 8 SYSTEMPATH\CodeIgniter.php(353): CodeIgniter\CodeIgniter->handleRequest(null, Object(Config\Cache), false)
 9 FCPATH\index.php(79): CodeIgniter\CodeIgniter->run()
CRITICAL - 2023-10-10 16:21:53 --> Undefined variable: data
in APPPATH\Views\servicios\servicios.php on line 3.
 1 APPPATH\Views\servicios\servicios.php(3): CodeIgniter\Debug\Exceptions->errorHandler(8, 'Undefined variable: data', 'C:\\xampp\\htdocs\\codel-nighter-Citas\\app\\Views\\servicios\\servicios.php', 3, [...])
 2 SYSTEMPATH\View\View.php(226): include('C:\\xampp\\htdocs\\codel-nighter-Citas\\app\\Views\\servicios\\servicios.php')
 3 SYSTEMPATH\View\View.php(229): CodeIgniter\View\View->CodeIgniter\View\{closure}()
 4 SYSTEMPATH\Common.php(1188): CodeIgniter\View\View->render('/servicios/servicios', [], true)
 5 APPPATH\Controllers\Servicios.php(22): view('/servicios/servicios', [...])
 6 SYSTEMPATH\CodeIgniter.php(919): App\Controllers\Servicios->index()
 7 SYSTEMPATH\CodeIgniter.php(494): CodeIgniter\CodeIgniter->runController(Object(App\Controllers\Servicios))
 8 SYSTEMPATH\CodeIgniter.php(353): CodeIgniter\CodeIgniter->handleRequest(null, Object(Config\Cache), false)
 9 FCPATH\index.php(79): CodeIgniter\CodeIgniter->run()
CRITICAL - 2023-10-10 16:23:39 --> Undefined variable: data
in APPPATH\Views\servicios\servicios.php on line 3.
 1 APPPATH\Views\servicios\servicios.php(3): CodeIgniter\Debug\Exceptions->errorHandler(8, 'Undefined variable: data', 'C:\\xampp\\htdocs\\codel-nighter-Citas\\app\\Views\\servicios\\servicios.php', 3, [...])
 2 SYSTEMPATH\View\View.php(226): include('C:\\xampp\\htdocs\\codel-nighter-Citas\\app\\Views\\servicios\\servicios.php')
 3 SYSTEMPATH\View\View.php(229): CodeIgniter\View\View->CodeIgniter\View\{closure}()
 4 SYSTEMPATH\Common.php(1188): CodeIgniter\View\View->render('/servicios/servicios', [], true)
 5 APPPATH\Controllers\Servicios.php(22): view('/servicios/servicios', [...])
 6 SYSTEMPATH\CodeIgniter.php(919): App\Controllers\Servicios->index()
 7 SYSTEMPATH\CodeIgniter.php(494): CodeIgniter\CodeIgniter->runController(Object(App\Controllers\Servicios))
 8 SYSTEMPATH\CodeIgniter.php(353): CodeIgniter\CodeIgniter->handleRequest(null, Object(Config\Cache), false)
 9 FCPATH\index.php(79): CodeIgniter\CodeIgniter->run()
CRITICAL - 2023-10-10 16:25:55 --> Undefined variable: data
in APPPATH\Views\servicios\servicios.php on line 3.
 1 APPPATH\Views\servicios\servicios.php(3): CodeIgniter\Debug\Exceptions->errorHandler(8, 'Undefined variable: data', 'C:\\xampp\\htdocs\\codel-nighter-Citas\\app\\Views\\servicios\\servicios.php', 3, [...])
 2 SYSTEMPATH\View\View.php(226): include('C:\\xampp\\htdocs\\codel-nighter-Citas\\app\\Views\\servicios\\servicios.php')
 3 SYSTEMPATH\View\View.php(229): CodeIgniter\View\View->CodeIgniter\View\{closure}()
 4 SYSTEMPATH\Common.php(1188): CodeIgniter\View\View->render('/servicios/servicios', [], true)
 5 APPPATH\Controllers\Servicios.php(22): view('/servicios/servicios', [...])
 6 SYSTEMPATH\CodeIgniter.php(919): App\Controllers\Servicios->index()
 7 SYSTEMPATH\CodeIgniter.php(494): CodeIgniter\CodeIgniter->runController(Object(App\Controllers\Servicios))
 8 SYSTEMPATH\CodeIgniter.php(353): CodeIgniter\CodeIgniter->handleRequest(null, Object(Config\Cache), false)
 9 FCPATH\index.php(79): CodeIgniter\CodeIgniter->run()
CRITICAL - 2023-10-10 16:26:28 --> Undefined variable: data
in APPPATH\Views\servicios\servicios.php on line 7.
 1 APPPATH\Views\servicios\servicios.php(7): CodeIgniter\Debug\Exceptions->errorHandler(8, 'Undefined variable: data', 'C:\\xampp\\htdocs\\codel-nighter-Citas\\app\\Views\\servicios\\servicios.php', 7, [...])
 2 SYSTEMPATH\View\View.php(226): include('C:\\xampp\\htdocs\\codel-nighter-Citas\\app\\Views\\servicios\\servicios.php')
 3 SYSTEMPATH\View\View.php(229): CodeIgniter\View\View->CodeIgniter\View\{closure}()
 4 SYSTEMPATH\Common.php(1188): CodeIgniter\View\View->render('/servicios/servicios', [], true)
 5 APPPATH\Controllers\Servicios.php(22): view('/servicios/servicios', [...])
 6 SYSTEMPATH\CodeIgniter.php(919): App\Controllers\Servicios->index()
 7 SYSTEMPATH\CodeIgniter.php(494): CodeIgniter\CodeIgniter->runController(Object(App\Controllers\Servicios))
 8 SYSTEMPATH\CodeIgniter.php(353): CodeIgniter\CodeIgniter->handleRequest(null, Object(Config\Cache), false)
 9 FCPATH\index.php(79): CodeIgniter\CodeIgniter->run()
CRITICAL - 2023-10-10 16:28:18 --> Undefined variable: data
in APPPATH\Views\servicios\servicios.php on line 7.
 1 APPPATH\Views\servicios\servicios.php(7): CodeIgniter\Debug\Exceptions->errorHandler(8, 'Undefined variable: data', 'C:\\xampp\\htdocs\\codel-nighter-Citas\\app\\Views\\servicios\\servicios.php', 7, [...])
 2 SYSTEMPATH\View\View.php(226): include('C:\\xampp\\htdocs\\codel-nighter-Citas\\app\\Views\\servicios\\servicios.php')
 3 SYSTEMPATH\View\View.php(229): CodeIgniter\View\View->CodeIgniter\View\{closure}()
 4 SYSTEMPATH\Common.php(1188): CodeIgniter\View\View->render('/servicios/servicios', [], true)
 5 APPPATH\Controllers\Servicios.php(22): view('/servicios/servicios', [...])
 6 SYSTEMPATH\CodeIgniter.php(919): App\Controllers\Servicios->index()
 7 SYSTEMPATH\CodeIgniter.php(494): CodeIgniter\CodeIgniter->runController(Object(App\Controllers\Servicios))
 8 SYSTEMPATH\CodeIgniter.php(353): CodeIgniter\CodeIgniter->handleRequest(null, Object(Config\Cache), false)
 9 FCPATH\index.php(79): CodeIgniter\CodeIgniter->run()
CRITICAL - 2023-10-10 16:28:36 --> Undefined variable: data
in APPPATH\Views\servicios\servicios.php on line 7.
 1 APPPATH\Views\servicios\servicios.php(7): CodeIgniter\Debug\Exceptions->errorHandler(8, 'Undefined variable: data', 'C:\\xampp\\htdocs\\codel-nighter-Citas\\app\\Views\\servicios\\servicios.php', 7, [...])
 2 SYSTEMPATH\View\View.php(226): include('C:\\xampp\\htdocs\\codel-nighter-Citas\\app\\Views\\servicios\\servicios.php')
 3 SYSTEMPATH\View\View.php(229): CodeIgniter\View\View->CodeIgniter\View\{closure}()
 4 SYSTEMPATH\Common.php(1188): CodeIgniter\View\View->render('/servicios/servicios', [], true)
 5 APPPATH\Controllers\Servicios.php(22): view('/servicios/servicios', [...])
 6 SYSTEMPATH\CodeIgniter.php(919): App\Controllers\Servicios->index()
 7 SYSTEMPATH\CodeIgniter.php(494): CodeIgniter\CodeIgniter->runController(Object(App\Controllers\Servicios))
 8 SYSTEMPATH\CodeIgniter.php(353): CodeIgniter\CodeIgniter->handleRequest(null, Object(Config\Cache), false)
 9 FCPATH\index.php(79): CodeIgniter\CodeIgniter->run()
CRITICAL - 2023-10-10 16:32:48 --> Undefined variable: data
in APPPATH\Views\servicios\servicios.php on line 7.
 1 APPPATH\Views\servicios\servicios.php(7): CodeIgniter\Debug\Exceptions->errorHandler(8, 'Undefined variable: data', 'C:\\xampp\\htdocs\\codel-nighter-Citas\\app\\Views\\servicios\\servicios.php', 7, [...])
 2 SYSTEMPATH\View\View.php(226): include('C:\\xampp\\htdocs\\codel-nighter-Citas\\app\\Views\\servicios\\servicios.php')
 3 SYSTEMPATH\View\View.php(229): CodeIgniter\View\View->CodeIgniter\View\{closure}()
 4 SYSTEMPATH\Common.php(1188): CodeIgniter\View\View->render('/servicios/servicios', [], true)
 5 APPPATH\Controllers\Servicios.php(22): view('/servicios/servicios', [...])
 6 SYSTEMPATH\CodeIgniter.php(919): App\Controllers\Servicios->index()
 7 SYSTEMPATH\CodeIgniter.php(494): CodeIgniter\CodeIgniter->runController(Object(App\Controllers\Servicios))
 8 SYSTEMPATH\CodeIgniter.php(353): CodeIgniter\CodeIgniter->handleRequest(null, Object(Config\Cache), false)
 9 FCPATH\index.php(79): CodeIgniter\CodeIgniter->run()
CRITICAL - 2023-10-10 16:33:01 --> Undefined variable: data
in APPPATH\Views\servicios\servicios.php on line 7.
 1 APPPATH\Views\servicios\servicios.php(7): CodeIgniter\Debug\Exceptions->errorHandler(8, 'Undefined variable: data', 'C:\\xampp\\htdocs\\codel-nighter-Citas\\app\\Views\\servicios\\servicios.php', 7, [...])
 2 SYSTEMPATH\View\View.php(226): include('C:\\xampp\\htdocs\\codel-nighter-Citas\\app\\Views\\servicios\\servicios.php')
 3 SYSTEMPATH\View\View.php(229): CodeIgniter\View\View->CodeIgniter\View\{closure}()
 4 SYSTEMPATH\Common.php(1188): CodeIgniter\View\View->render('/servicios/servicios', [], true)
 5 APPPATH\Controllers\Servicios.php(22): view('/servicios/servicios', [...])
 6 SYSTEMPATH\CodeIgniter.php(919): App\Controllers\Servicios->index()
 7 SYSTEMPATH\CodeIgniter.php(494): CodeIgniter\CodeIgniter->runController(Object(App\Controllers\Servicios))
 8 SYSTEMPATH\CodeIgniter.php(353): CodeIgniter\CodeIgniter->handleRequest(null, Object(Config\Cache), false)
 9 FCPATH\index.php(79): CodeIgniter\CodeIgniter->run()
CRITICAL - 2023-10-10 16:33:18 --> Undefined variable: data
in APPPATH\Views\servicios\servicios.php on line 7.
 1 APPPATH\Views\servicios\servicios.php(7): CodeIgniter\Debug\Exceptions->errorHandler(8, 'Undefined variable: data', 'C:\\xampp\\htdocs\\codel-nighter-Citas\\app\\Views\\servicios\\servicios.php', 7, [...])
 2 SYSTEMPATH\View\View.php(226): include('C:\\xampp\\htdocs\\codel-nighter-Citas\\app\\Views\\servicios\\servicios.php')
 3 SYSTEMPATH\View\View.php(229): CodeIgniter\View\View->CodeIgniter\View\{closure}()
 4 SYSTEMPATH\Common.php(1188): CodeIgniter\View\View->render('/servicios/servicios', [], true)
 5 APPPATH\Controllers\Servicios.php(22): view('/servicios/servicios', [...])
 6 SYSTEMPATH\CodeIgniter.php(919): App\Controllers\Servicios->index()
 7 SYSTEMPATH\CodeIgniter.php(494): CodeIgniter\CodeIgniter->runController(Object(App\Controllers\Servicios))
 8 SYSTEMPATH\CodeIgniter.php(353): CodeIgniter\CodeIgniter->handleRequest(null, Object(Config\Cache), false)
 9 FCPATH\index.php(79): CodeIgniter\CodeIgniter->run()
CRITICAL - 2023-10-10 16:39:05 --> syntax error, unexpected '}', expecting end of file
in APPPATH\Views\servicios\servicios.php on line 27.
 1 SYSTEMPATH\View\View.php(229): CodeIgniter\View\View->CodeIgniter\View\{closure}()
 2 SYSTEMPATH\Common.php(1188): CodeIgniter\View\View->render('/servicios/servicios', [], true)
 3 APPPATH\Controllers\Servicios.php(22): view('/servicios/servicios', [...])
 4 SYSTEMPATH\CodeIgniter.php(919): App\Controllers\Servicios->index()
 5 SYSTEMPATH\CodeIgniter.php(494): CodeIgniter\CodeIgniter->runController(Object(App\Controllers\Servicios))
 6 SYSTEMPATH\CodeIgniter.php(353): CodeIgniter\CodeIgniter->handleRequest(null, Object(Config\Cache), false)
 7 FCPATH\index.php(79): CodeIgniter\CodeIgniter->run()
CRITICAL - 2023-10-10 16:39:16 --> Undefined variable: servicio
in APPPATH\Views\servicios\servicios.php on line 3.
 1 APPPATH\Views\servicios\servicios.php(3): CodeIgniter\Debug\Exceptions->errorHandler(8, 'Undefined variable: servicio', 'C:\\xampp\\htdocs\\codel-nighter-Citas\\app\\Views\\servicios\\servicios.php', 3, [...])
 2 SYSTEMPATH\View\View.php(226): include('C:\\xampp\\htdocs\\codel-nighter-Citas\\app\\Views\\servicios\\servicios.php')
 3 SYSTEMPATH\View\View.php(229): CodeIgniter\View\View->CodeIgniter\View\{closure}()
 4 SYSTEMPATH\Common.php(1188): CodeIgniter\View\View->render('/servicios/servicios', [], true)
 5 APPPATH\Controllers\Servicios.php(22): view('/servicios/servicios', [...])
 6 SYSTEMPATH\CodeIgniter.php(919): App\Controllers\Servicios->index()
 7 SYSTEMPATH\CodeIgniter.php(494): CodeIgniter\CodeIgniter->runController(Object(App\Controllers\Servicios))
 8 SYSTEMPATH\CodeIgniter.php(353): CodeIgniter\CodeIgniter->handleRequest(null, Object(Config\Cache), false)
 9 FCPATH\index.php(79): CodeIgniter\CodeIgniter->run()
CRITICAL - 2023-10-10 16:39:18 --> Undefined variable: servicio
in APPPATH\Views\servicios\servicios.php on line 3.
 1 APPPATH\Views\servicios\servicios.php(3): CodeIgniter\Debug\Exceptions->errorHandler(8, 'Undefined variable: servicio', 'C:\\xampp\\htdocs\\codel-nighter-Citas\\app\\Views\\servicios\\servicios.php', 3, [...])
 2 SYSTEMPATH\View\View.php(226): include('C:\\xampp\\htdocs\\codel-nighter-Citas\\app\\Views\\servicios\\servicios.php')
 3 SYSTEMPATH\View\View.php(229): CodeIgniter\View\View->CodeIgniter\View\{closure}()
 4 SYSTEMPATH\Common.php(1188): CodeIgniter\View\View->render('/servicios/servicios', [], true)
 5 APPPATH\Controllers\Servicios.php(22): view('/servicios/servicios', [...])
 6 SYSTEMPATH\CodeIgniter.php(919): App\Controllers\Servicios->index()
 7 SYSTEMPATH\CodeIgniter.php(494): CodeIgniter\CodeIgniter->runController(Object(App\Controllers\Servicios))
 8 SYSTEMPATH\CodeIgniter.php(353): CodeIgniter\CodeIgniter->handleRequest(null, Object(Config\Cache), false)
 9 FCPATH\index.php(79): CodeIgniter\CodeIgniter->run()
